---
driver=<class 'textual.drivers.linux_driver.LinuxDriver'>
Load() >>> CalculatorApp(title='Textual')
Mount() >>> CalculatorApp(title='Calculadora IEEE754')
Mount() >>> DockView(name='DockView#1')
Mount() >>> Calculator(name='Calculator#1')
Mount() >>> Calculator(name='Calculator#1')
Mount() >>> ScrollView(name='ScrollView#1')
Mount() >>> ScrollView(name='ScrollView#1')
Mount() >>> WindowView(name='WindowView#1')
TRANSLATING layout
Enter() >>> EleganTexto(name='EleganTexto#3')
Leave() >>> EleganTexto(name='EleganTexto#3')
Enter() >>> Numbers(name='Numbers#3')
Leave() >>> Numbers(name='Numbers#3')
Enter() >>> Numbers(name='Numbers#2')
Leave() >>> Numbers(name='Numbers#2')
Enter() >>> Numbers(name='Numbers#1')
Leave() >>> Numbers(name='Numbers#1')
Enter() >>> EleganTexto(name='EleganTexto#7')
Leave() >>> EleganTexto(name='EleganTexto#7')
Enter() >>> EleganTexto(name='EleganTexto#7')
Leave() >>> EleganTexto(name='EleganTexto#7')
Enter() >>> EleganTexto(name='EleganTexto#7')
Leave() >>> EleganTexto(name='EleganTexto#7')
Enter() >>> Numbers(name='Numbers#1')
Leave() >>> Numbers(name='Numbers#1')
Enter() >>> Numbers(name='Numbers#2')
Leave() >>> Numbers(name='Numbers#2')
Enter() >>> Numbers(name='Numbers#3')
Leave() >>> Numbers(name='Numbers#3')
Enter() >>> Numbers(name='Numbers#4')
Leave() >>> Numbers(name='Numbers#4')
Enter() >>> Numbers(name='Numbers#4')
Leave() >>> Numbers(name='Numbers#4')
Enter() >>> Numbers(name='Numbers#4')
Leave() >>> Numbers(name='Numbers#4')
Enter() >>> Numbers(name='Numbers#3')
Leave() >>> Numbers(name='Numbers#3')
Enter() >>> EleganTexto(name='EleganTexto#2')
view.forwarded Key(key='1')
Key(key='1') >>> CalculatorApp(title='Calculadora IEEE754')
Key(key='1') >>> CalculatorApp(title='Calculadora IEEE754')
view.forwarded Key(key='3')
Key(key='3') >>> CalculatorApp(title='Calculadora IEEE754')
Key(key='3') >>> CalculatorApp(title='Calculadora IEEE754')
view.forwarded Key(key='4')
Key(key='4') >>> CalculatorApp(title='Calculadora IEEE754')
Key(key='4') >>> CalculatorApp(title='Calculadora IEEE754')
Leave() >>> EleganTexto(name='EleganTexto#2')
set_focus Button(name='EC')
MouseDown(x=5, y=0, screen_x=6, screen_y=1, button=1) >>> Button(name='EC')
MouseUp(x=5, y=0, screen_x=6, screen_y=1, button=1) >>> Button(name='EC')
Click(x=5, y=0, screen_x=6, screen_y=1, button=1) >>> Button(name='EC')
ButtonPressed(Button(name='EC')) >>> Calculator(name='Calculator#1')
Key(key='1') >>> CalculatorApp(title='Calculadora IEEE754')
Key(key='1') >>> CalculatorApp(title='Calculadora IEEE754')
Key(key='3') >>> CalculatorApp(title='Calculadora IEEE754')
Key(key='3') >>> CalculatorApp(title='Calculadora IEEE754')
Key(key='1') >>> CalculatorApp(title='Calculadora IEEE754')
Key(key='1') >>> CalculatorApp(title='Calculadora IEEE754')
Key(key='.') >>> CalculatorApp(title='Calculadora IEEE754')
Key(key='.') >>> CalculatorApp(title='Calculadora IEEE754')
Key(key='2') >>> CalculatorApp(title='Calculadora IEEE754')
Key(key='2') >>> CalculatorApp(title='Calculadora IEEE754')
Key(key='3') >>> CalculatorApp(title='Calculadora IEEE754')
Key(key='3') >>> CalculatorApp(title='Calculadora IEEE754')
Key(key='4') >>> CalculatorApp(title='Calculadora IEEE754')
Key(key='4') >>> CalculatorApp(title='Calculadora IEEE754')
Key(key='4') >>> CalculatorApp(title='Calculadora IEEE754')
Key(key='4') >>> CalculatorApp(title='Calculadora IEEE754')
Enter() >>> EleganTexto(name='EleganTexto#7')
Leave() >>> EleganTexto(name='EleganTexto#7')
Enter() >>> Numbers(name='Numbers#1')
Leave() >>> Numbers(name='Numbers#1')
Enter() >>> Numbers(name='Numbers#2')
Leave() >>> Numbers(name='Numbers#2')
set_focus EleganTexto(name='EleganTexto#7')
Focus() >>> EleganTexto(name='EleganTexto#7')
MouseDown(x=19, y=0, delta_x=-45, delta_y=-10, screen_x=58, screen_y=1, button=1) >>> EleganTexto(name='EleganTexto#7')
MouseUp(x=19, y=0, screen_x=58, screen_y=1, button=1) >>> EleganTexto(name='EleganTexto#7')
Click(x=19, y=0, screen_x=58, screen_y=1, button=1) >>> EleganTexto(name='EleganTexto#7')
Key(key='3') >>> CalculatorApp(title='Calculadora IEEE754')
Key(key='3') >>> CalculatorApp(title='Calculadora IEEE754')
Enter() >>> EleganTexto(name='EleganTexto#7')
Key(key='1') >>> CalculatorApp(title='Calculadora IEEE754')
Key(key='1') >>> CalculatorApp(title='Calculadora IEEE754')
Key(key='2') >>> CalculatorApp(title='Calculadora IEEE754')
Key(key='2') >>> CalculatorApp(title='Calculadora IEEE754')
Key(key='3') >>> CalculatorApp(title='Calculadora IEEE754')
Key(key='3') >>> CalculatorApp(title='Calculadora IEEE754')
Leave() >>> EleganTexto(name='EleganTexto#7')
Enter() >>> Numbers(name='Numbers#1')
Leave() >>> Numbers(name='Numbers#1')
Enter() >>> Numbers(name='Numbers#2')
Leave() >>> Numbers(name='Numbers#2')
set_focus Numbers(name='Numbers#5')
Focus() >>> Numbers(name='Numbers#5')
MouseDown(x=22, y=2, delta_x=-29, delta_y=10, screen_x=74, screen_y=19, button=1) >>> Numbers(name='Numbers#5')
MouseUp(x=22, y=2, screen_x=74, screen_y=19, button=1) >>> Numbers(name='Numbers#5')
Click(x=22, y=2, screen_x=74, screen_y=19, button=1) >>> Numbers(name='Numbers#5')
Enter() >>> Numbers(name='Numbers#5')
Leave() >>> Numbers(name='Numbers#5')
Leave() >>> Footer(keys=[])
Enter() >>> Numbers(name='Numbers#8')
Leave() >>> Numbers(name='Numbers#8')
Enter() >>> EleganTexto(name='EleganTexto#6')
Leave() >>> EleganTexto(name='EleganTexto#6')
Enter() >>> EleganTexto(name='EleganTexto#5')
Leave() >>> EleganTexto(name='EleganTexto#5')
Enter() >>> Numbers(name='Numbers#4')
Leave() >>> Numbers(name='Numbers#4')
Enter() >>> Numbers(name='Numbers#3')
Leave() >>> Numbers(name='Numbers#3')
Enter() >>> Numbers(name='Numbers#2')
Leave() >>> Numbers(name='Numbers#2')
Enter() >>> Numbers(name='Numbers#1')
Leave() >>> Numbers(name='Numbers#1')
Enter() >>> EleganTexto(name='EleganTexto#7')
Leave() >>> EleganTexto(name='EleganTexto#7')
Enter() >>> Numbers(name='Numbers#1')
set_focus Numbers(name='Numbers#1')
Focus() >>> Numbers(name='Numbers#1')
MouseDown(x=22, y=0, screen_x=74, screen_y=4, button=1) >>> Numbers(name='Numbers#1')
MouseUp(x=22, y=0, screen_x=74, screen_y=4, button=1) >>> Numbers(name='Numbers#1')
Click(x=22, y=0, screen_x=74, screen_y=4, button=1) >>> Numbers(name='Numbers#1')
Leave() >>> Numbers(name='Numbers#1')
Leave() >>> Footer(keys=[])
Enter() >>> Numbers(name='Numbers#8')
Leave() >>> Numbers(name='Numbers#8')
Enter() >>> Numbers(name='Numbers#6')
Leave() >>> Numbers(name='Numbers#6')
Enter() >>> Numbers(name='Numbers#5')
Leave() >>> Numbers(name='Numbers#5')
Enter() >>> Numbers(name='Numbers#4')
Leave() >>> Numbers(name='Numbers#4')
Enter() >>> Numbers(name='Numbers#3')
Leave() >>> Numbers(name='Numbers#3')
Enter() >>> Numbers(name='Numbers#2')
Leave() >>> Numbers(name='Numbers#2')
Enter() >>> Numbers(name='Numbers#1')
Leave() >>> Numbers(name='Numbers#1')
Enter() >>> Numbers(name='Numbers#1')
Leave() >>> Numbers(name='Numbers#1')
Enter() >>> EleganTexto(name='EleganTexto#1')
Leave() >>> EleganTexto(name='EleganTexto#1')
Enter() >>> EleganTexto(name='EleganTexto#7')
Leave() >>> EleganTexto(name='EleganTexto#7')
Enter() >>> Numbers(name='Numbers#1')
Leave() >>> Numbers(name='Numbers#1')
Key(key='ctrl+h') >>> CalculatorApp(title='Calculadora IEEE754')
Key(key='ctrl+h') >>> CalculatorApp(title='Calculadora IEEE754')
Key(key='ctrl+h') >>> CalculatorApp(title='Calculadora IEEE754')
Key(key='ctrl+h') >>> CalculatorApp(title='Calculadora IEEE754')
Key(key='ctrl+h') >>> CalculatorApp(title='Calculadora IEEE754')
Key(key='ctrl+h') >>> CalculatorApp(title='Calculadora IEEE754')
Enter() >>> Numbers(name='Numbers#2')
Key(key='ctrl+h') >>> CalculatorApp(title='Calculadora IEEE754')
Key(key='ctrl+h') >>> CalculatorApp(title='Calculadora IEEE754')
Key(key='ctrl+h') >>> CalculatorApp(title='Calculadora IEEE754')
Key(key='ctrl+h') >>> CalculatorApp(title='Calculadora IEEE754')
Key(key='ctrl+h') >>> CalculatorApp(title='Calculadora IEEE754')
Key(key='ctrl+h') >>> CalculatorApp(title='Calculadora IEEE754')
Key(key='ctrl+h') >>> CalculatorApp(title='Calculadora IEEE754')
Key(key='ctrl+h') >>> CalculatorApp(title='Calculadora IEEE754')
Key(key='ctrl+h') >>> CalculatorApp(title='Calculadora IEEE754')
Key(key='ctrl+h') >>> CalculatorApp(title='Calculadora IEEE754')
Key(key='ctrl+h') >>> CalculatorApp(title='Calculadora IEEE754')
Key(key='ctrl+h') >>> CalculatorApp(title='Calculadora IEEE754')
Key(key='ctrl+h') >>> CalculatorApp(title='Calculadora IEEE754')
Key(key='ctrl+h') >>> CalculatorApp(title='Calculadora IEEE754')
Key(key='ctrl+h') >>> CalculatorApp(title='Calculadora IEEE754')
Key(key='ctrl+h') >>> CalculatorApp(title='Calculadora IEEE754')
Key(key='ctrl+h') >>> CalculatorApp(title='Calculadora IEEE754')
Key(key='ctrl+h') >>> CalculatorApp(title='Calculadora IEEE754')
Key(key='ctrl+h') >>> CalculatorApp(title='Calculadora IEEE754')
Key(key='ctrl+h') >>> CalculatorApp(title='Calculadora IEEE754')
Key(key='ctrl+h') >>> CalculatorApp(title='Calculadora IEEE754')
Key(key='ctrl+h') >>> CalculatorApp(title='Calculadora IEEE754')
Key(key='ctrl+h') >>> CalculatorApp(title='Calculadora IEEE754')
Key(key='ctrl+h') >>> CalculatorApp(title='Calculadora IEEE754')
Key(key='2') >>> CalculatorApp(title='Calculadora IEEE754')
Key(key='2') >>> CalculatorApp(title='Calculadora IEEE754')
Key(key='4') >>> CalculatorApp(title='Calculadora IEEE754')
Key(key='4') >>> CalculatorApp(title='Calculadora IEEE754')
Key(key='4') >>> CalculatorApp(title='Calculadora IEEE754')
Key(key='4') >>> CalculatorApp(title='Calculadora IEEE754')
Key(key='.') >>> CalculatorApp(title='Calculadora IEEE754')
Key(key='.') >>> CalculatorApp(title='Calculadora IEEE754')
Key(key='1') >>> CalculatorApp(title='Calculadora IEEE754')
Key(key='1') >>> CalculatorApp(title='Calculadora IEEE754')
Key(key='3') >>> CalculatorApp(title='Calculadora IEEE754')
Key(key='3') >>> CalculatorApp(title='Calculadora IEEE754')
Key(key='3') >>> CalculatorApp(title='Calculadora IEEE754')
Key(key='3') >>> CalculatorApp(title='Calculadora IEEE754')
Key(key='4') >>> CalculatorApp(title='Calculadora IEEE754')
Key(key='4') >>> CalculatorApp(title='Calculadora IEEE754')
Key(key='3') >>> CalculatorApp(title='Calculadora IEEE754')
Key(key='3') >>> CalculatorApp(title='Calculadora IEEE754')
Key(key='1') >>> CalculatorApp(title='Calculadora IEEE754')
Key(key='1') >>> CalculatorApp(title='Calculadora IEEE754')
Key(key='7') >>> CalculatorApp(title='Calculadora IEEE754')
Key(key='7') >>> CalculatorApp(title='Calculadora IEEE754')
Leave() >>> Numbers(name='Numbers#2')
Enter() >>> Numbers(name='Numbers#3')
Leave() >>> Numbers(name='Numbers#3')
Enter() >>> Numbers(name='Numbers#4')
Leave() >>> Numbers(name='Numbers#4')
Enter() >>> Numbers(name='Numbers#5')
Leave() >>> Numbers(name='Numbers#5')
Enter() >>> Numbers(name='Numbers#6')
set_focus Numbers(name='Numbers#6')
Focus() >>> Numbers(name='Numbers#6')
MouseDown(x=32, y=1, screen_x=84, screen_y=22, button=1) >>> Numbers(name='Numbers#6')
MouseUp(x=32, y=1, screen_x=84, screen_y=22, button=1) >>> Numbers(name='Numbers#6')
Click(x=32, y=1, screen_x=84, screen_y=22, button=1) >>> Numbers(name='Numbers#6')
Leave() >>> Numbers(name='Numbers#6')
Enter() >>> Numbers(name='Numbers#5')
Leave() >>> Numbers(name='Numbers#5')
Enter() >>> Numbers(name='Numbers#4')
Leave() >>> Numbers(name='Numbers#4')
Enter() >>> EleganTexto(name='EleganTexto#4')
Leave() >>> EleganTexto(name='EleganTexto#4')
Leave() >>> Footer(keys=[])
Enter() >>> Numbers(name='Numbers#10')
Leave() >>> Numbers(name='Numbers#10')
Enter() >>> Numbers(name='Numbers#6')
Leave() >>> Numbers(name='Numbers#6')
Enter() >>> Numbers(name='Numbers#5')
set_focus Numbers(name='Numbers#5')
Focus() >>> Numbers(name='Numbers#5')
MouseDown(x=25, y=1, screen_x=77, screen_y=18, button=1) >>> Numbers(name='Numbers#5')
MouseUp(x=25, y=1, screen_x=77, screen_y=18, button=1) >>> Numbers(name='Numbers#5')
Click(x=25, y=1, screen_x=77, screen_y=18, button=1) >>> Numbers(name='Numbers#5')
Leave() >>> Numbers(name='Numbers#5')
Enter() >>> Numbers(name='Numbers#4')
Leave() >>> Numbers(name='Numbers#4')
Enter() >>> EleganTexto(name='EleganTexto#4')
Leave() >>> EleganTexto(name='EleganTexto#4')
set_focus EleganTexto(name='EleganTexto#7')
Focus() >>> EleganTexto(name='EleganTexto#7')
MouseDown(x=62, y=0, delta_x=101, delta_y=-8, screen_x=101, screen_y=1, button=1) >>> EleganTexto(name='EleganTexto#7')
MouseUp(x=62, y=0, screen_x=101, screen_y=1, button=1) >>> EleganTexto(name='EleganTexto#7')
Click(x=62, y=0, screen_x=101, screen_y=1, button=1) >>> EleganTexto(name='EleganTexto#7')
Enter() >>> EleganTexto(name='EleganTexto#7')
Leave() >>> EleganTexto(name='EleganTexto#7')
Enter() >>> EleganTexto(name='EleganTexto#7')
Leave() >>> EleganTexto(name='EleganTexto#7')
Enter() >>> EleganTexto(name='EleganTexto#7')
Leave() >>> EleganTexto(name='EleganTexto#7')
set_focus Button(name='EC')
MouseDown(x=4, y=1, screen_x=5, screen_y=2, button=1) >>> Button(name='EC')
MouseUp(x=4, y=1, screen_x=5, screen_y=2, button=1) >>> Button(name='EC')
Click(x=4, y=1, screen_x=5, screen_y=2, button=1) >>> Button(name='EC')
ButtonPressed(Button(name='EC')) >>> Calculator(name='Calculator#1')
Enter() >>> EleganTexto(name='EleganTexto#1')
Leave() >>> EleganTexto(name='EleganTexto#1')
Enter() >>> Numbers(name='Numbers#1')
Leave() >>> Numbers(name='Numbers#1')
Enter() >>> Numbers(name='Numbers#2')
Leave() >>> Numbers(name='Numbers#2')
Enter() >>> Numbers(name='Numbers#1')
Leave() >>> Numbers(name='Numbers#1')
Key(key='2') >>> CalculatorApp(title='Calculadora IEEE754')
Key(key='2') >>> CalculatorApp(title='Calculadora IEEE754')
Key(key='3') >>> CalculatorApp(title='Calculadora IEEE754')
Key(key='3') >>> CalculatorApp(title='Calculadora IEEE754')
Key(key='3') >>> CalculatorApp(title='Calculadora IEEE754')
Key(key='3') >>> CalculatorApp(title='Calculadora IEEE754')
Key(key='.') >>> CalculatorApp(title='Calculadora IEEE754')
Key(key='.') >>> CalculatorApp(title='Calculadora IEEE754')
Key(key='1') >>> CalculatorApp(title='Calculadora IEEE754')
Key(key='1') >>> CalculatorApp(title='Calculadora IEEE754')
Key(key='4') >>> CalculatorApp(title='Calculadora IEEE754')
Key(key='4') >>> CalculatorApp(title='Calculadora IEEE754')
Key(key='4') >>> CalculatorApp(title='Calculadora IEEE754')
Key(key='4') >>> CalculatorApp(title='Calculadora IEEE754')
Key(key='9') >>> CalculatorApp(title='Calculadora IEEE754')
Key(key='9') >>> CalculatorApp(title='Calculadora IEEE754')
Key(key='7') >>> CalculatorApp(title='Calculadora IEEE754')
Key(key='7') >>> CalculatorApp(title='Calculadora IEEE754')
Enter() >>> Numbers(name='Numbers#1')
Leave() >>> Numbers(name='Numbers#1')
Enter() >>> Numbers(name='Numbers#2')
Leave() >>> Numbers(name='Numbers#2')
Enter() >>> Numbers(name='Numbers#3')
Leave() >>> Numbers(name='Numbers#3')
Enter() >>> Numbers(name='Numbers#4')
Leave() >>> Numbers(name='Numbers#4')
Enter() >>> Numbers(name='Numbers#5')
Leave() >>> Numbers(name='Numbers#5')
Enter() >>> Numbers(name='Numbers#5')
set_focus Numbers(name='Numbers#5')
Focus() >>> Numbers(name='Numbers#5')
MouseDown(x=23, y=2, screen_x=75, screen_y=19, button=1) >>> Numbers(name='Numbers#5')
MouseUp(x=23, y=2, screen_x=75, screen_y=19, button=1) >>> Numbers(name='Numbers#5')
Click(x=23, y=2, screen_x=75, screen_y=19, button=1) >>> Numbers(name='Numbers#5')
Leave() >>> Numbers(name='Numbers#5')
Enter() >>> Numbers(name='Numbers#4')
Leave() >>> Numbers(name='Numbers#4')
Enter() >>> EleganTexto(name='EleganTexto#3')
Leave() >>> EleganTexto(name='EleganTexto#3')
set_focus Numbers(name='Numbers#6')
Focus() >>> Numbers(name='Numbers#6')
MouseDown(x=37, y=1, delta_x=89, delta_y=19, screen_x=89, screen_y=22, button=1) >>> Numbers(name='Numbers#6')
MouseUp(x=37, y=1, screen_x=89, screen_y=22, button=1) >>> Numbers(name='Numbers#6')
Click(x=37, y=1, screen_x=89, screen_y=22, button=1) >>> Numbers(name='Numbers#6')
Enter() >>> Numbers(name='Numbers#6')
Leave() >>> Numbers(name='Numbers#6')
Enter() >>> Numbers(name='Numbers#6')
set_focus Numbers(name='Numbers#6')
MouseDown(x=29, y=0, screen_x=81, screen_y=21, button=1) >>> Numbers(name='Numbers#6')
MouseUp(x=29, y=0, screen_x=81, screen_y=21, button=1) >>> Numbers(name='Numbers#6')
Click(x=29, y=0, screen_x=81, screen_y=21, button=1) >>> Numbers(name='Numbers#6')
Leave() >>> Numbers(name='Numbers#6')
Enter() >>> Numbers(name='Numbers#5')
Leave() >>> Numbers(name='Numbers#5')
Enter() >>> EleganTexto(name='EleganTexto#5')
Leave() >>> EleganTexto(name='EleganTexto#5')
Enter() >>> EleganTexto(name='EleganTexto#4')
Leave() >>> EleganTexto(name='EleganTexto#4')
set_focus Numbers(name='Numbers#4')
Focus() >>> Numbers(name='Numbers#4')
MouseDown(x=43, y=0, delta_x=95, delta_y=5, screen_x=95, screen_y=14, button=1) >>> Numbers(name='Numbers#4')
MouseUp(x=43, y=0, screen_x=95, screen_y=14, button=1) >>> Numbers(name='Numbers#4')
Click(x=43, y=0, screen_x=95, screen_y=14, button=1) >>> Numbers(name='Numbers#4')
Enter() >>> Numbers(name='Numbers#4')
Leave() >>> Numbers(name='Numbers#4')
Enter() >>> Numbers(name='Numbers#5')
Leave() >>> Numbers(name='Numbers#5')
Enter() >>> Numbers(name='Numbers#6')
Leave() >>> Numbers(name='Numbers#6')
Enter() >>> Numbers(name='Numbers#10')
Leave() >>> Numbers(name='Numbers#10')
Enter() >>> Numbers(name='Numbers#6')
set_focus Numbers(name='Numbers#6')
Focus() >>> Numbers(name='Numbers#6')
MouseDown(x=24, y=1, screen_x=76, screen_y=22, button=1) >>> Numbers(name='Numbers#6')
MouseUp(x=24, y=1, screen_x=76, screen_y=22, button=1) >>> Numbers(name='Numbers#6')
Click(x=24, y=1, screen_x=76, screen_y=22, button=1) >>> Numbers(name='Numbers#6')
Leave() >>> Numbers(name='Numbers#6')
Enter() >>> EleganTexto(name='EleganTexto#5')
Leave() >>> EleganTexto(name='EleganTexto#5')
set_focus Numbers(name='Numbers#2')
Focus() >>> Numbers(name='Numbers#2')
MouseDown(x=46, y=2, delta_x=98, delta_y=-4, screen_x=98, screen_y=9, button=1) >>> Numbers(name='Numbers#2')
MouseUp(x=46, y=2, screen_x=98, screen_y=9, button=1) >>> Numbers(name='Numbers#2')
Click(x=46, y=2, screen_x=98, screen_y=9, button=1) >>> Numbers(name='Numbers#2')
Enter() >>> Numbers(name='Numbers#2')
Leave() >>> Numbers(name='Numbers#2')
Enter() >>> EleganTexto(name='EleganTexto#2')
Leave() >>> EleganTexto(name='EleganTexto#2')
Enter() >>> EleganTexto(name='EleganTexto#3')
Leave() >>> EleganTexto(name='EleganTexto#3')
Enter() >>> Numbers(name='Numbers#3')
Leave() >>> Numbers(name='Numbers#3')
set_focus Numbers(name='Numbers#6')
Focus() >>> Numbers(name='Numbers#6')
MouseDown(x=17, y=1, delta_x=-34, delta_y=11, screen_x=69, screen_y=22, button=1) >>> Numbers(name='Numbers#6')
MouseUp(x=17, y=1, screen_x=69, screen_y=22, button=1) >>> Numbers(name='Numbers#6')
Click(x=17, y=1, screen_x=69, screen_y=22, button=1) >>> Numbers(name='Numbers#6')
Enter() >>> Numbers(name='Numbers#6')
set_focus Numbers(name='Numbers#6')
MouseDown(x=18, y=1, screen_x=70, screen_y=22, button=1) >>> Numbers(name='Numbers#6')
MouseUp(x=18, y=1, screen_x=70, screen_y=22, button=1) >>> Numbers(name='Numbers#6')
Click(x=18, y=1, screen_x=70, screen_y=22, button=1) >>> Numbers(name='Numbers#6')
Leave() >>> Numbers(name='Numbers#6')
Enter() >>> EleganTexto(name='EleganTexto#7')
Leave() >>> EleganTexto(name='EleganTexto#7')
Enter() >>> Numbers(name='Numbers#1')
Leave() >>> Numbers(name='Numbers#1')
Enter() >>> Numbers(name='Numbers#2')
Leave() >>> Numbers(name='Numbers#2')
Enter() >>> Numbers(name='Numbers#3')
Leave() >>> Numbers(name='Numbers#3')
Enter() >>> Numbers(name='Numbers#4')
Leave() >>> Numbers(name='Numbers#4')
Enter() >>> Numbers(name='Numbers#5')
Leave() >>> Numbers(name='Numbers#5')
Enter() >>> Numbers(name='Numbers#4')
Leave() >>> Numbers(name='Numbers#4')
Key(key='q') >>> CalculatorApp(title='Calculadora IEEE754')
Key(key='q') >>> CalculatorApp(title='Calculadora IEEE754')
ACTION CalculatorApp(title='Calculadora IEEE754') quit
CLOSED CalculatorApp(title='Calculadora IEEE754')
PROCESS END
