---
driver=<class 'textual.drivers.linux_driver.LinuxDriver'>
Load() >>> CalculatorApp(title='Textual')
Mount() >>> CalculatorApp(title='Calculadora IEEE754')
Mount() >>> DockView(name='DockView#1')
Mount() >>> Calculator(name='Calculator#1')
Mount() >>> Calculator(name='Calculator#1')
Mount() >>> ScrollView(name='ScrollView#1')
Mount() >>> ScrollView(name='ScrollView#1')
Mount() >>> WindowView(name='WindowView#1')
TRANSLATING layout
Enter() >>> Numbers(name='Numbers#6')
Leave() >>> Numbers(name='Numbers#6')
Enter() >>> Numbers(name='Numbers#10')
Leave() >>> Numbers(name='Numbers#10')
Leave() >>> Footer(keys=[])
Enter() >>> Numbers(name='Numbers#10')
Leave() >>> Numbers(name='Numbers#10')
Enter() >>> Numbers(name='Numbers#6')
Leave() >>> Numbers(name='Numbers#6')
Enter() >>> Numbers(name='Numbers#5')
Leave() >>> Numbers(name='Numbers#5')
Enter() >>> Numbers(name='Numbers#4')
Leave() >>> Numbers(name='Numbers#4')
Enter() >>> Numbers(name='Numbers#3')
Leave() >>> Numbers(name='Numbers#3')
Enter() >>> EleganTexto(name='EleganTexto#3')
Leave() >>> EleganTexto(name='EleganTexto#3')
Enter() >>> EleganTexto(name='EleganTexto#2')
set_focus EleganTexto(name='EleganTexto#2')
Focus() >>> EleganTexto(name='EleganTexto#2')
MouseDown(x=7, y=2, screen_x=46, screen_y=9, button=1) >>> EleganTexto(name='EleganTexto#2')
MouseUp(x=7, y=2, screen_x=46, screen_y=9, button=1) >>> EleganTexto(name='EleganTexto#2')
Click(x=7, y=2, screen_x=46, screen_y=9, button=1) >>> EleganTexto(name='EleganTexto#2')
Leave() >>> EleganTexto(name='EleganTexto#2')
Enter() >>> Numbers(name='Numbers#3')
Leave() >>> Numbers(name='Numbers#3')
Enter() >>> Numbers(name='Numbers#4')
Leave() >>> Numbers(name='Numbers#4')
Enter() >>> Numbers(name='Numbers#5')
Leave() >>> Numbers(name='Numbers#5')
Enter() >>> Numbers(name='Numbers#6')
Leave() >>> Numbers(name='Numbers#6')
Enter() >>> Numbers(name='Numbers#10')
Leave() >>> Numbers(name='Numbers#10')
Leave() >>> Footer(keys=[])
Enter() >>> Numbers(name='Numbers#8')
Leave() >>> Numbers(name='Numbers#8')
Enter() >>> EleganTexto(name='EleganTexto#6')
Leave() >>> EleganTexto(name='EleganTexto#6')
Enter() >>> Numbers(name='Numbers#6')
Leave() >>> Numbers(name='Numbers#6')
Enter() >>> Numbers(name='Numbers#5')
Key(key='1') >>> CalculatorApp(title='Calculadora IEEE754')
Key(key='1') >>> CalculatorApp(title='Calculadora IEEE754')
Key(key='0') >>> CalculatorApp(title='Calculadora IEEE754')
Key(key='0') >>> CalculatorApp(title='Calculadora IEEE754')
Key(key='1') >>> CalculatorApp(title='Calculadora IEEE754')
Key(key='1') >>> CalculatorApp(title='Calculadora IEEE754')
Leave() >>> Numbers(name='Numbers#5')
Enter() >>> Numbers(name='Numbers#4')
Leave() >>> Numbers(name='Numbers#4')
Enter() >>> Numbers(name='Numbers#3')
Leave() >>> Numbers(name='Numbers#3')
Enter() >>> Numbers(name='Numbers#2')
Leave() >>> Numbers(name='Numbers#2')
Enter() >>> Numbers(name='Numbers#1')
Leave() >>> Numbers(name='Numbers#1')
Enter() >>> EleganTexto(name='EleganTexto#7')
Leave() >>> EleganTexto(name='EleganTexto#7')
Enter() >>> Numbers(name='Numbers#9')
Leave() >>> Numbers(name='Numbers#9')
Key(key='ctrl+h') >>> CalculatorApp(title='Calculadora IEEE754')
Key(key='ctrl+h') >>> CalculatorApp(title='Calculadora IEEE754')
Key(key='ctrl+h') >>> CalculatorApp(title='Calculadora IEEE754')
Key(key='ctrl+h') >>> CalculatorApp(title='Calculadora IEEE754')
Key(key='ctrl+h') >>> CalculatorApp(title='Calculadora IEEE754')
Key(key='ctrl+h') >>> CalculatorApp(title='Calculadora IEEE754')
Key(key='ctrl+h') >>> CalculatorApp(title='Calculadora IEEE754')
Key(key='ctrl+h') >>> CalculatorApp(title='Calculadora IEEE754')
Leave() >>> Footer(keys=[])
Enter() >>> Numbers(name='Numbers#8')
Leave() >>> Numbers(name='Numbers#8')
Enter() >>> EleganTexto(name='EleganTexto#6')
Leave() >>> EleganTexto(name='EleganTexto#6')
Enter() >>> EleganTexto(name='EleganTexto#5')
Leave() >>> EleganTexto(name='EleganTexto#5')
Enter() >>> EleganTexto(name='EleganTexto#4')
Leave() >>> EleganTexto(name='EleganTexto#4')
Enter() >>> EleganTexto(name='EleganTexto#3')
Leave() >>> EleganTexto(name='EleganTexto#3')
Enter() >>> EleganTexto(name='EleganTexto#2')
Leave() >>> EleganTexto(name='EleganTexto#2')
Enter() >>> EleganTexto(name='EleganTexto#1')
Leave() >>> EleganTexto(name='EleganTexto#1')
Enter() >>> EleganTexto(name='EleganTexto#7')
Leave() >>> EleganTexto(name='EleganTexto#7')
Enter() >>> Numbers(name='Numbers#1')
Leave() >>> Numbers(name='Numbers#1')
Enter() >>> EleganTexto(name='EleganTexto#7')
Leave() >>> EleganTexto(name='EleganTexto#7')
Enter() >>> EleganTexto(name='EleganTexto#7')
Leave() >>> EleganTexto(name='EleganTexto#7')
Enter() >>> EleganTexto(name='EleganTexto#1')
set_focus EleganTexto(name='EleganTexto#1')
Focus() >>> EleganTexto(name='EleganTexto#1')
MouseDown(x=7, y=0, screen_x=46, screen_y=4, button=1) >>> EleganTexto(name='EleganTexto#1')
MouseUp(x=7, y=0, screen_x=46, screen_y=4, button=1) >>> EleganTexto(name='EleganTexto#1')
Click(x=7, y=0, screen_x=46, screen_y=4, button=1) >>> EleganTexto(name='EleganTexto#1')
Leave() >>> EleganTexto(name='EleganTexto#1')
Enter() >>> Numbers(name='Numbers#2')
Key(key='8') >>> CalculatorApp(title='Calculadora IEEE754')
Key(key='8') >>> CalculatorApp(title='Calculadora IEEE754')
Key(key='ctrl+h') >>> CalculatorApp(title='Calculadora IEEE754')
Key(key='ctrl+h') >>> CalculatorApp(title='Calculadora IEEE754')
Key(key='ctrl+h') >>> CalculatorApp(title='Calculadora IEEE754')
Key(key='ctrl+h') >>> CalculatorApp(title='Calculadora IEEE754')
Key(key='ctrl+h') >>> CalculatorApp(title='Calculadora IEEE754')
Key(key='ctrl+h') >>> CalculatorApp(title='Calculadora IEEE754')
Key(key='ctrl+h') >>> CalculatorApp(title='Calculadora IEEE754')
Key(key='ctrl+h') >>> CalculatorApp(title='Calculadora IEEE754')
Key(key='9') >>> CalculatorApp(title='Calculadora IEEE754')
Key(key='9') >>> CalculatorApp(title='Calculadora IEEE754')
Key(key='.') >>> CalculatorApp(title='Calculadora IEEE754')
Key(key='.') >>> CalculatorApp(title='Calculadora IEEE754')
Key(key='ctrl+h') >>> CalculatorApp(title='Calculadora IEEE754')
Key(key='ctrl+h') >>> CalculatorApp(title='Calculadora IEEE754')
Key(key='ctrl+h') >>> CalculatorApp(title='Calculadora IEEE754')
Key(key='ctrl+h') >>> CalculatorApp(title='Calculadora IEEE754')
Key(key='8') >>> CalculatorApp(title='Calculadora IEEE754')
Key(key='8') >>> CalculatorApp(title='Calculadora IEEE754')
Key(key='.') >>> CalculatorApp(title='Calculadora IEEE754')
Key(key='.') >>> CalculatorApp(title='Calculadora IEEE754')
Key(key='2') >>> CalculatorApp(title='Calculadora IEEE754')
Key(key='2') >>> CalculatorApp(title='Calculadora IEEE754')
Key(key='5') >>> CalculatorApp(title='Calculadora IEEE754')
Key(key='5') >>> CalculatorApp(title='Calculadora IEEE754')
Key(key='ctrl+h') >>> CalculatorApp(title='Calculadora IEEE754')
Key(key='ctrl+h') >>> CalculatorApp(title='Calculadora IEEE754')
Key(key='ctrl+h') >>> CalculatorApp(title='Calculadora IEEE754')
Key(key='ctrl+h') >>> CalculatorApp(title='Calculadora IEEE754')
Key(key='6') >>> CalculatorApp(title='Calculadora IEEE754')
Key(key='6') >>> CalculatorApp(title='Calculadora IEEE754')
Key(key='2') >>> CalculatorApp(title='Calculadora IEEE754')
Key(key='2') >>> CalculatorApp(title='Calculadora IEEE754')
Key(key='5') >>> CalculatorApp(title='Calculadora IEEE754')
Key(key='5') >>> CalculatorApp(title='Calculadora IEEE754')
Leave() >>> Numbers(name='Numbers#2')
Enter() >>> Numbers(name='Numbers#3')
Leave() >>> Numbers(name='Numbers#3')
Enter() >>> Numbers(name='Numbers#4')
Leave() >>> Numbers(name='Numbers#4')
Enter() >>> Numbers(name='Numbers#4')
Leave() >>> Numbers(name='Numbers#4')
Enter() >>> Numbers(name='Numbers#3')
Leave() >>> Numbers(name='Numbers#3')
Enter() >>> Numbers(name='Numbers#2')
Leave() >>> Numbers(name='Numbers#2')
Enter() >>> EleganTexto(name='EleganTexto#2')
Leave() >>> EleganTexto(name='EleganTexto#2')
Enter() >>> EleganTexto(name='EleganTexto#3')
Leave() >>> EleganTexto(name='EleganTexto#3')
Enter() >>> EleganTexto(name='EleganTexto#4')
Leave() >>> EleganTexto(name='EleganTexto#4')
Enter() >>> EleganTexto(name='EleganTexto#5')
Leave() >>> EleganTexto(name='EleganTexto#5')
Enter() >>> EleganTexto(name='EleganTexto#6')
Leave() >>> EleganTexto(name='EleganTexto#6')
Leave() >>> Footer(keys=[])
Enter() >>> Numbers(name='Numbers#10')
Leave() >>> Numbers(name='Numbers#10')
Enter() >>> Numbers(name='Numbers#6')
Leave() >>> Numbers(name='Numbers#6')
Enter() >>> Numbers(name='Numbers#5')
Leave() >>> Numbers(name='Numbers#5')
Enter() >>> Numbers(name='Numbers#4')
Leave() >>> Numbers(name='Numbers#4')
Enter() >>> Numbers(name='Numbers#3')
Leave() >>> Numbers(name='Numbers#3')
Enter() >>> Numbers(name='Numbers#2')
Leave() >>> Numbers(name='Numbers#2')
Enter() >>> Numbers(name='Numbers#1')
Leave() >>> Numbers(name='Numbers#1')
Enter() >>> EleganTexto(name='EleganTexto#7')
Leave() >>> EleganTexto(name='EleganTexto#7')
Enter() >>> EleganTexto(name='EleganTexto#7')
Leave() >>> EleganTexto(name='EleganTexto#7')
Enter() >>> Numbers(name='Numbers#1')
Leave() >>> Numbers(name='Numbers#1')
Enter() >>> EleganTexto(name='EleganTexto#7')
Leave() >>> EleganTexto(name='EleganTexto#7')
Enter() >>> EleganTexto(name='EleganTexto#7')
Leave() >>> EleganTexto(name='EleganTexto#7')
Enter() >>> Numbers(name='Numbers#1')
Leave() >>> Numbers(name='Numbers#1')
Enter() >>> Numbers(name='Numbers#2')
Leave() >>> Numbers(name='Numbers#2')
Enter() >>> Numbers(name='Numbers#10')
Leave() >>> Numbers(name='Numbers#10')
Enter() >>> Numbers(name='Numbers#6')
Leave() >>> Numbers(name='Numbers#6')
Enter() >>> Numbers(name='Numbers#5')
Leave() >>> Numbers(name='Numbers#5')
Enter() >>> Numbers(name='Numbers#4')
Leave() >>> Numbers(name='Numbers#4')
Enter() >>> Numbers(name='Numbers#3')
Leave() >>> Numbers(name='Numbers#3')
Enter() >>> Numbers(name='Numbers#2')
Leave() >>> Numbers(name='Numbers#2')
Enter() >>> Numbers(name='Numbers#1')
Leave() >>> Numbers(name='Numbers#1')
Enter() >>> EleganTexto(name='EleganTexto#7')
Leave() >>> EleganTexto(name='EleganTexto#7')
Enter() >>> EleganTexto(name='EleganTexto#7')
Leave() >>> EleganTexto(name='EleganTexto#7')
Enter() >>> Numbers(name='Numbers#1')
Leave() >>> Numbers(name='Numbers#1')
Enter() >>> Numbers(name='Numbers#2')
Leave() >>> Numbers(name='Numbers#2')
Enter() >>> Numbers(name='Numbers#1')
Leave() >>> Numbers(name='Numbers#1')
Enter() >>> EleganTexto(name='EleganTexto#7')
Leave() >>> EleganTexto(name='EleganTexto#7')
Enter() >>> Numbers(name='Numbers#1')
Leave() >>> Numbers(name='Numbers#1')
Enter() >>> Numbers(name='Numbers#2')
Leave() >>> Numbers(name='Numbers#2')
Enter() >>> Numbers(name='Numbers#3')
Key(key='q') >>> CalculatorApp(title='Calculadora IEEE754')
Key(key='q') >>> CalculatorApp(title='Calculadora IEEE754')
ACTION CalculatorApp(title='Calculadora IEEE754') quit
CLOSED CalculatorApp(title='Calculadora IEEE754')
PROCESS END
